<?xml version="1.0" encoding="UTF-8"?>
<testsuite name="org.solutis.heranca.VendedorTest" tests="6" skipped="0" failures="0" errors="0" timestamp="2024-08-25T18:40:50" hostname="ALEXPC" time="0.041">
  <properties/>
  <testcase name="testVendedorConstrutorPadraoC()" classname="org.solutis.heranca.VendedorTest" time="0.023"/>
  <testcase name="testToString()" classname="org.solutis.heranca.VendedorTest" time="0.002"/>
  <testcase name="testVendedorConstrutorComTodosOsParametros()" classname="org.solutis.heranca.VendedorTest" time="0.002"/>
  <testcase name="testGetters()" classname="org.solutis.heranca.VendedorTest" time="0.001"/>
  <testcase name="testCalcularSalario()" classname="org.solutis.heranca.VendedorTest" time="0.001"/>
  <testcase name="testSetters()" classname="org.solutis.heranca.VendedorTest" time="0.002"/>
  <system-out><![CDATA[]]></system-out>
  <system-err><![CDATA[]]></system-err>
</testsuite>
